<?xml version="1.0" encoding="UTF-8"?>
<!-- Generated by org.testng.reporters.JUnitReportReporter -->
<testsuite hostname="COOLLAPTOP" failures="0" tests="1" name="Tests.TestCases" time="42.391" errors="0" timestamp="2024-11-17T22:14:20 EST" skipped="0">
  <testcase classname="Tests.TestCases" name="Verify_HybridApp_9" time="42.391"/>
</testsuite> <!-- Tests.TestCases -->
