<?xml version="1.0" encoding="UTF-8"?>
<!-- Generated by org.testng.reporters.JUnitReportReporter -->
<testsuite hostname="COOLLAPTOP" failures="0" tests="1" name="Tests.TestCases" time="91.355" errors="0" timestamp="2024-11-18T21:41:22 EST" skipped="0">
  <testcase classname="Tests.TestCases" name="Verify_Cart_page_Terms_and_notifications_checkBox_8" time="91.355"/>
</testsuite> <!-- Tests.TestCases -->
